<?xml version="1.0" encoding="UTF-8"?>
<testsuite xmlns:xsi="http://www.w3.org/2001/XMLSchema-instance" xsi:noNamespaceSchemaLocation="https://maven.apache.org/surefire/maven-surefire-plugin/xsd/surefire-test-report.xsd" name="com.baeldung.optaplanner.test.OptaPlannerUnitTest" time="22.151" tests="2" errors="0" skipped="0" failures="0">
  <properties>
    <property name="sun.desktop" value="windows"/>
    <property name="awt.toolkit" value="sun.awt.windows.WToolkit"/>
    <property name="file.encoding.pkg" value="sun.io"/>
    <property name="java.specification.version" value="1.8"/>
    <property name="sun.cpu.isalist" value="amd64"/>
    <property name="sun.jnu.encoding" value="Cp1252"/>
    <property name="java.class.path" value="C:\source\BAELDUNG\TUTORIALS\tutorials\optaplanner\target\test-classes;C:\source\BAELDUNG\TUTORIALS\tutorials\optaplanner\target\classes;C:\Users\davut.gurbuz\.m2\repository\org\optaplanner\optaplanner-core\7.9.0.Final\optaplanner-core-7.9.0.Final.jar;C:\Users\davut.gurbuz\.m2\repository\org\kie\kie-api\7.9.0.Final\kie-api-7.9.0.Final.jar;C:\Users\davut.gurbuz\.m2\repository\org\kie\soup\kie-soup-maven-support\7.9.0.Final\kie-soup-maven-support-7.9.0.Final.jar;C:\Users\davut.gurbuz\.m2\repository\org\kie\kie-internal\7.9.0.Final\kie-internal-7.9.0.Final.jar;C:\Users\davut.gurbuz\.m2\repository\org\drools\drools-core\7.9.0.Final\drools-core-7.9.0.Final.jar;C:\Users\davut.gurbuz\.m2\repository\org\mvel\mvel2\2.4.0.Final\mvel2-2.4.0.Final.jar;C:\Users\davut.gurbuz\.m2\repository\org\kie\soup\kie-soup-commons\7.9.0.Final\kie-soup-commons-7.9.0.Final.jar;C:\Users\davut.gurbuz\.m2\repository\org\kie\soup\kie-soup-project-datamodel-commons\7.9.0.Final\kie-soup-project-datamodel-commons-7.9.0.Final.jar;C:\Users\davut.gurbuz\.m2\repository\org\kie\soup\kie-soup-project-datamodel-api\7.9.0.Final\kie-soup-project-datamodel-api-7.9.0.Final.jar;C:\Users\davut.gurbuz\.m2\repository\commons-codec\commons-codec\1.10\commons-codec-1.10.jar;C:\Users\davut.gurbuz\.m2\repository\org\drools\drools-compiler\7.9.0.Final\drools-compiler-7.9.0.Final.jar;C:\Users\davut.gurbuz\.m2\repository\org\antlr\antlr-runtime\3.5.2\antlr-runtime-3.5.2.jar;C:\Users\davut.gurbuz\.m2\repository\org\eclipse\jdt\core\compiler\ecj\4.4.2\ecj-4.4.2.jar;C:\Users\davut.gurbuz\.m2\repository\com\google\protobuf\protobuf-java\2.6.0\protobuf-java-2.6.0.jar;C:\Users\davut.gurbuz\.m2\repository\org\apache\commons\commons-lang3\3.4\commons-lang3-3.4.jar;C:\Users\davut.gurbuz\.m2\repository\org\apache\commons\commons-math3\3.4.1\commons-math3-3.4.1.jar;C:\Users\davut.gurbuz\.m2\repository\com\google\guava\guava\20.0\guava-20.0.jar;C:\Users\davut.gurbuz\.m2\repository\org\reflections\reflections\0.9.11\reflections-0.9.11.jar;C:\Users\davut.gurbuz\.m2\repository\org\javassist\javassist\3.21.0-GA\javassist-3.21.0-GA.jar;C:\Users\davut.gurbuz\.m2\repository\com\thoughtworks\xstream\xstream\1.4.10\xstream-1.4.10.jar;C:\Users\davut.gurbuz\.m2\repository\xmlpull\xmlpull\1.1.3.1\xmlpull-1.1.3.1.jar;C:\Users\davut.gurbuz\.m2\repository\xpp3\xpp3_min\1.1.4c\xpp3_min-1.1.4c.jar;C:\Users\davut.gurbuz\.m2\repository\org\slf4j\slf4j-api\1.7.30\slf4j-api-1.7.30.jar;C:\Users\davut.gurbuz\.m2\repository\ch\qos\logback\logback-classic\1.2.3\logback-classic-1.2.3.jar;C:\Users\davut.gurbuz\.m2\repository\ch\qos\logback\logback-core\1.2.3\logback-core-1.2.3.jar;C:\Users\davut.gurbuz\.m2\repository\org\slf4j\jcl-over-slf4j\1.7.30\jcl-over-slf4j-1.7.30.jar;C:\Users\davut.gurbuz\.m2\repository\junit\junit\4.12\junit-4.12.jar;C:\Users\davut.gurbuz\.m2\repository\org\hamcrest\hamcrest-core\1.3\hamcrest-core-1.3.jar;C:\Users\davut.gurbuz\.m2\repository\org\junit\jupiter\junit-jupiter-engine\5.2.0\junit-jupiter-engine-5.2.0.jar;C:\Users\davut.gurbuz\.m2\repository\org\apiguardian\apiguardian-api\1.0.0\apiguardian-api-1.0.0.jar;C:\Users\davut.gurbuz\.m2\repository\org\junit\platform\junit-platform-engine\1.2.0\junit-platform-engine-1.2.0.jar;C:\Users\davut.gurbuz\.m2\repository\org\junit\jupiter\junit-jupiter-params\5.2.0\junit-jupiter-params-5.2.0.jar;C:\Users\davut.gurbuz\.m2\repository\org\junit\jupiter\junit-jupiter-api\5.2.0\junit-jupiter-api-5.2.0.jar;C:\Users\davut.gurbuz\.m2\repository\org\opentest4j\opentest4j\1.1.0\opentest4j-1.1.0.jar;C:\Users\davut.gurbuz\.m2\repository\org\junit\platform\junit-platform-commons\1.2.0\junit-platform-commons-1.2.0.jar;C:\Users\davut.gurbuz\.m2\repository\org\hamcrest\hamcrest\2.2\hamcrest-2.2.jar;C:\Users\davut.gurbuz\.m2\repository\org\hamcrest\hamcrest-all\1.3\hamcrest-all-1.3.jar;C:\Users\davut.gurbuz\.m2\repository\org\mockito\mockito-core\3.3.0\mockito-core-3.3.0.jar;C:\Users\davut.gurbuz\.m2\repository\net\bytebuddy\byte-buddy\1.10.5\byte-buddy-1.10.5.jar;C:\Users\davut.gurbuz\.m2\repository\net\bytebuddy\byte-buddy-agent\1.10.5\byte-buddy-agent-1.10.5.jar;C:\Users\davut.gurbuz\.m2\repository\org\objenesis\objenesis\2.6\objenesis-2.6.jar;C:\Users\davut.gurbuz\.m2\repository\org\apache\maven\surefire\surefire-logger-api\2.21.0\surefire-logger-api-2.21.0.jar;"/>
    <property name="java.vm.vendor" value="Oracle Corporation"/>
    <property name="sun.arch.data.model" value="64"/>
    <property name="user.variant" value=""/>
    <property name="java.vendor.url" value="http://java.oracle.com/"/>
    <property name="user.timezone" value=""/>
    <property name="java.vm.specification.version" value="1.8"/>
    <property name="os.name" value="Windows 10"/>
    <property name="user.country" value="US"/>
    <property name="sun.java.launcher" value="SUN_STANDARD"/>
    <property name="sun.boot.library.path" value="C:\Program Files\Java\jdk1.8.0_192\jre\bin"/>
    <property name="sun.java.command" value="C:\Users\DAVUT~1.GUR\AppData\Local\Temp\surefire8193898300858964071\surefirebooter6137754183674968218.jar C:\Users\davut.gurbuz\AppData\Local\Temp\surefire8193898300858964071 2020-08-25T13-32-25_196-jvmRun1 surefire2069859850734746385tmp surefire_09201774417846102331tmp"/>
    <property name="surefire.test.class.path" value="C:\source\BAELDUNG\TUTORIALS\tutorials\optaplanner\target\test-classes;C:\source\BAELDUNG\TUTORIALS\tutorials\optaplanner\target\classes;C:\Users\davut.gurbuz\.m2\repository\org\optaplanner\optaplanner-core\7.9.0.Final\optaplanner-core-7.9.0.Final.jar;C:\Users\davut.gurbuz\.m2\repository\org\kie\kie-api\7.9.0.Final\kie-api-7.9.0.Final.jar;C:\Users\davut.gurbuz\.m2\repository\org\kie\soup\kie-soup-maven-support\7.9.0.Final\kie-soup-maven-support-7.9.0.Final.jar;C:\Users\davut.gurbuz\.m2\repository\org\kie\kie-internal\7.9.0.Final\kie-internal-7.9.0.Final.jar;C:\Users\davut.gurbuz\.m2\repository\org\drools\drools-core\7.9.0.Final\drools-core-7.9.0.Final.jar;C:\Users\davut.gurbuz\.m2\repository\org\mvel\mvel2\2.4.0.Final\mvel2-2.4.0.Final.jar;C:\Users\davut.gurbuz\.m2\repository\org\kie\soup\kie-soup-commons\7.9.0.Final\kie-soup-commons-7.9.0.Final.jar;C:\Users\davut.gurbuz\.m2\repository\org\kie\soup\kie-soup-project-datamodel-commons\7.9.0.Final\kie-soup-project-datamodel-commons-7.9.0.Final.jar;C:\Users\davut.gurbuz\.m2\repository\org\kie\soup\kie-soup-project-datamodel-api\7.9.0.Final\kie-soup-project-datamodel-api-7.9.0.Final.jar;C:\Users\davut.gurbuz\.m2\repository\commons-codec\commons-codec\1.10\commons-codec-1.10.jar;C:\Users\davut.gurbuz\.m2\repository\org\drools\drools-compiler\7.9.0.Final\drools-compiler-7.9.0.Final.jar;C:\Users\davut.gurbuz\.m2\repository\org\antlr\antlr-runtime\3.5.2\antlr-runtime-3.5.2.jar;C:\Users\davut.gurbuz\.m2\repository\org\eclipse\jdt\core\compiler\ecj\4.4.2\ecj-4.4.2.jar;C:\Users\davut.gurbuz\.m2\repository\com\google\protobuf\protobuf-java\2.6.0\protobuf-java-2.6.0.jar;C:\Users\davut.gurbuz\.m2\repository\org\apache\commons\commons-lang3\3.4\commons-lang3-3.4.jar;C:\Users\davut.gurbuz\.m2\repository\org\apache\commons\commons-math3\3.4.1\commons-math3-3.4.1.jar;C:\Users\davut.gurbuz\.m2\repository\com\google\guava\guava\20.0\guava-20.0.jar;C:\Users\davut.gurbuz\.m2\repository\org\reflections\reflections\0.9.11\reflections-0.9.11.jar;C:\Users\davut.gurbuz\.m2\repository\org\javassist\javassist\3.21.0-GA\javassist-3.21.0-GA.jar;C:\Users\davut.gurbuz\.m2\repository\com\thoughtworks\xstream\xstream\1.4.10\xstream-1.4.10.jar;C:\Users\davut.gurbuz\.m2\repository\xmlpull\xmlpull\1.1.3.1\xmlpull-1.1.3.1.jar;C:\Users\davut.gurbuz\.m2\repository\xpp3\xpp3_min\1.1.4c\xpp3_min-1.1.4c.jar;C:\Users\davut.gurbuz\.m2\repository\org\slf4j\slf4j-api\1.7.30\slf4j-api-1.7.30.jar;C:\Users\davut.gurbuz\.m2\repository\ch\qos\logback\logback-classic\1.2.3\logback-classic-1.2.3.jar;C:\Users\davut.gurbuz\.m2\repository\ch\qos\logback\logback-core\1.2.3\logback-core-1.2.3.jar;C:\Users\davut.gurbuz\.m2\repository\org\slf4j\jcl-over-slf4j\1.7.30\jcl-over-slf4j-1.7.30.jar;C:\Users\davut.gurbuz\.m2\repository\junit\junit\4.12\junit-4.12.jar;C:\Users\davut.gurbuz\.m2\repository\org\hamcrest\hamcrest-core\1.3\hamcrest-core-1.3.jar;C:\Users\davut.gurbuz\.m2\repository\org\junit\jupiter\junit-jupiter-engine\5.2.0\junit-jupiter-engine-5.2.0.jar;C:\Users\davut.gurbuz\.m2\repository\org\apiguardian\apiguardian-api\1.0.0\apiguardian-api-1.0.0.jar;C:\Users\davut.gurbuz\.m2\repository\org\junit\platform\junit-platform-engine\1.2.0\junit-platform-engine-1.2.0.jar;C:\Users\davut.gurbuz\.m2\repository\org\junit\jupiter\junit-jupiter-params\5.2.0\junit-jupiter-params-5.2.0.jar;C:\Users\davut.gurbuz\.m2\repository\org\junit\jupiter\junit-jupiter-api\5.2.0\junit-jupiter-api-5.2.0.jar;C:\Users\davut.gurbuz\.m2\repository\org\opentest4j\opentest4j\1.1.0\opentest4j-1.1.0.jar;C:\Users\davut.gurbuz\.m2\repository\org\junit\platform\junit-platform-commons\1.2.0\junit-platform-commons-1.2.0.jar;C:\Users\davut.gurbuz\.m2\repository\org\hamcrest\hamcrest\2.2\hamcrest-2.2.jar;C:\Users\davut.gurbuz\.m2\repository\org\hamcrest\hamcrest-all\1.3\hamcrest-all-1.3.jar;C:\Users\davut.gurbuz\.m2\repository\org\mockito\mockito-core\3.3.0\mockito-core-3.3.0.jar;C:\Users\davut.gurbuz\.m2\repository\net\bytebuddy\byte-buddy\1.10.5\byte-buddy-1.10.5.jar;C:\Users\davut.gurbuz\.m2\repository\net\bytebuddy\byte-buddy-agent\1.10.5\byte-buddy-agent-1.10.5.jar;C:\Users\davut.gurbuz\.m2\repository\org\objenesis\objenesis\2.6\objenesis-2.6.jar;C:\Users\davut.gurbuz\.m2\repository\org\apache\maven\surefire\surefire-logger-api\2.21.0\surefire-logger-api-2.21.0.jar;"/>
    <property name="sun.cpu.endian" value="little"/>
    <property name="user.home" value="C:\Users\davut.gurbuz"/>
    <property name="user.language" value="en"/>
    <property name="java.specification.vendor" value="Oracle Corporation"/>
    <property name="java.home" value="C:\Program Files\Java\jdk1.8.0_192\jre"/>
    <property name="basedir" value="C:\source\BAELDUNG\TUTORIALS\tutorials\optaplanner"/>
    <property name="file.separator" value="\"/>
    <property name="line.separator" value="&#10;"/>
    <property name="java.vm.specification.vendor" value="Oracle Corporation"/>
    <property name="java.specification.name" value="Java Platform API Specification"/>
    <property name="java.awt.graphicsenv" value="sun.awt.Win32GraphicsEnvironment"/>
    <property name="surefire.real.class.path" value="C:\Users\DAVUT~1.GUR\AppData\Local\Temp\surefire8193898300858964071\surefirebooter6137754183674968218.jar"/>
    <property name="sun.boot.class.path" value="C:\Program Files\Java\jdk1.8.0_192\jre\lib\resources.jar;C:\Program Files\Java\jdk1.8.0_192\jre\lib\rt.jar;C:\Program Files\Java\jdk1.8.0_192\jre\lib\sunrsasign.jar;C:\Program Files\Java\jdk1.8.0_192\jre\lib\jsse.jar;C:\Program Files\Java\jdk1.8.0_192\jre\lib\jce.jar;C:\Program Files\Java\jdk1.8.0_192\jre\lib\charsets.jar;C:\Program Files\Java\jdk1.8.0_192\jre\lib\jfr.jar;C:\Program Files\Java\jdk1.8.0_192\jre\classes"/>
    <property name="user.script" value=""/>
    <property name="sun.management.compiler" value="HotSpot 64-Bit Tiered Compilers"/>
    <property name="java.runtime.version" value="1.8.0_192-b12"/>
    <property name="user.name" value="davut.gurbuz"/>
    <property name="path.separator" value=";"/>
    <property name="os.version" value="10.0"/>
    <property name="java.endorsed.dirs" value="C:\Program Files\Java\jdk1.8.0_192\jre\lib\endorsed"/>
    <property name="java.runtime.name" value="Java(TM) SE Runtime Environment"/>
    <property name="file.encoding" value="Cp1252"/>
    <property name="java.vm.name" value="Java HotSpot(TM) 64-Bit Server VM"/>
    <property name="localRepository" value="C:\Users\davut.gurbuz\.m2\repository"/>
    <property name="java.vendor.url.bug" value="http://bugreport.sun.com/bugreport/"/>
    <property name="java.io.tmpdir" value="C:\Users\DAVUT~1.GUR\AppData\Local\Temp\"/>
    <property name="java.version" value="1.8.0_192"/>
    <property name="user.dir" value="C:\source\BAELDUNG\TUTORIALS\tutorials\optaplanner"/>
    <property name="os.arch" value="amd64"/>
    <property name="java.vm.specification.name" value="Java Virtual Machine Specification"/>
    <property name="java.awt.printerjob" value="sun.awt.windows.WPrinterJob"/>
    <property name="sun.os.patch.level" value=""/>
    <property name="java.library.path" value="C:\Program Files\Java\jdk1.8.0_192\jre\bin;C:\Windows\Sun\Java\bin;C:\Windows\system32;C:\Windows;C:\Program Files (x86)\Common Files\Oracle\Java\javapath;C:\Windows\system32;C:\Windows;C:\Windows\System32\Wbem;C:\Windows\System32\WindowsPowerShell\v1.0\;C:\Windows\System32\OpenSSH\;C:\Program Files\Git\cmd;C:\Program Files\TortoiseGit\bin;C:\Program Files\Java\jdk1.8.0_192\bin;C:\MAVEN\apache-maven-3.6.0\bin;C:\Program Files\Intel\WiFi\bin\;C:\Program Files\Common Files\Intel\WirelessCommon\;C:\Program Files\nodejs\;C:\Program Files\dotnet\;C:\Program Files (x86)\Windows Kits\10\Windows Performance Toolkit\;C:\Program Files\PuTTY\;C:\Program Files\Docker\Docker\resources\bin;C:\ProgramData\DockerDesktop\version-bin;C:\Ruby26-x64\bin;C:\Users\davut.gurbuz\.windows-build-tools\python27\;C:\Users\davut.gurbuz\.windows-build-tools\python27\;C:\Users\davut.gurbuz\AppData\Local\Microsoft\WindowsApps;C:\Users\davut.gurbuz\AppData\Roaming\npm;C:\Users\davut.gurbuz\AppData\Local\Programs\Microsoft VS Code\bin;C:\Users\davut.gurbuz\AppData\Local\Programs\Azure Data Studio\bin;."/>
    <property name="java.vm.info" value="mixed mode"/>
    <property name="java.vendor" value="Oracle Corporation"/>
    <property name="java.vm.version" value="25.192-b12"/>
    <property name="java.ext.dirs" value="C:\Program Files\Java\jdk1.8.0_192\jre\lib\ext;C:\Windows\Sun\Java\lib\ext"/>
    <property name="sun.io.unicode.encoding" value="UnicodeLittle"/>
    <property name="java.class.version" value="52.0"/>
  </properties>
  <testcase name="test_whenDroolsSolver" classname="com.baeldung.optaplanner.test.OptaPlannerUnitTest" time="12.003"/>
  <testcase name="test_whenCustomJavaSolver" classname="com.baeldung.optaplanner.test.OptaPlannerUnitTest" time="10.032"/>
</testsuite>